<?xml version="1.0" encoding="UTF-8"?>
<testsuite name="SILab2Test" tests="2" skipped="0" failures="0" errors="0" timestamp="2024-05-22T21:54:56" hostname="MARIJA" time="0.012">
  <properties/>
  <testcase name="multipleConditions()" classname="SILab2Test" time="0.01"/>
  <testcase name="testEveryBranch()" classname="SILab2Test" time="0.001"/>
  <system-out><![CDATA[]]></system-out>
  <system-err><![CDATA[]]></system-err>
</testsuite>
